mode: set
github.com\Jopoleon\FinalSpareRoomTracker\vendor\userlogic\userlogic.go:44.43,47.15 2 1
github.com\Jopoleon\FinalSpareRoomTracker\vendor\userlogic\userlogic.go:50.2,51.16 2 1
github.com\Jopoleon\FinalSpareRoomTracker\vendor\userlogic\userlogic.go:54.2,56.8 1 1
github.com\Jopoleon\FinalSpareRoomTracker\vendor\userlogic\userlogic.go:47.15,49.3 1 0
github.com\Jopoleon\FinalSpareRoomTracker\vendor\userlogic\userlogic.go:51.16,53.3 1 0
github.com\Jopoleon\FinalSpareRoomTracker\vendor\userlogic\userlogic.go:59.84,61.16 2 1
github.com\Jopoleon\FinalSpareRoomTracker\vendor\userlogic\userlogic.go:65.2,66.16 2 1
github.com\Jopoleon\FinalSpareRoomTracker\vendor\userlogic\userlogic.go:69.2,74.33 6 1
github.com\Jopoleon\FinalSpareRoomTracker\vendor\userlogic\userlogic.go:78.2,78.53 1 1
github.com\Jopoleon\FinalSpareRoomTracker\vendor\userlogic\userlogic.go:61.16,64.3 1 0
github.com\Jopoleon\FinalSpareRoomTracker\vendor\userlogic\userlogic.go:66.16,68.3 1 0
github.com\Jopoleon\FinalSpareRoomTracker\vendor\userlogic\userlogic.go:74.33,77.3 2 0
github.com\Jopoleon\FinalSpareRoomTracker\vendor\userlogic\userlogic.go:78.53,80.38 1 1
github.com\Jopoleon\FinalSpareRoomTracker\vendor\userlogic\userlogic.go:80.38,108.18 15 1
github.com\Jopoleon\FinalSpareRoomTracker\vendor\userlogic\userlogic.go:111.4,111.86 1 1
github.com\Jopoleon\FinalSpareRoomTracker\vendor\userlogic\userlogic.go:108.18,110.5 1 0
github.com\Jopoleon\FinalSpareRoomTracker\vendor\userlogic\userlogic.go:113.4,115.4 1 0
github.com\Jopoleon\FinalSpareRoomTracker\vendor\userlogic\userlogic.go:116.3,118.3 1 0
github.com\Jopoleon\FinalSpareRoomTracker\vendor\userlogic\userlogic.go:121.83,124.16 2 1
github.com\Jopoleon\FinalSpareRoomTracker\vendor\userlogic\userlogic.go:128.2,133.36 5 1
github.com\Jopoleon\FinalSpareRoomTracker\vendor\userlogic\userlogic.go:124.16,126.3 1 0
github.com\Jopoleon\FinalSpareRoomTracker\vendor\userlogic\userlogic.go:133.36,135.36 2 1
github.com\Jopoleon\FinalSpareRoomTracker\vendor\userlogic\userlogic.go:135.36,142.18 7 1
github.com\Jopoleon\FinalSpareRoomTracker\vendor\userlogic\userlogic.go:147.4,149.35 3 1
github.com\Jopoleon\FinalSpareRoomTracker\vendor\userlogic\userlogic.go:142.18,146.5 3 0
github.com\Jopoleon\FinalSpareRoomTracker\vendor\userlogic\userlogic.go:149.35,158.19 8 1
github.com\Jopoleon\FinalSpareRoomTracker\vendor\userlogic\userlogic.go:162.5,163.11 2 1
github.com\Jopoleon\FinalSpareRoomTracker\vendor\userlogic\userlogic.go:158.19,159.16 1 0
github.com\Jopoleon\FinalSpareRoomTracker\vendor\userlogic\userlogic.go:164.5,167.5 2 0
github.com\Jopoleon\FinalSpareRoomTracker\vendor\userlogic\userlogic.go:168.4,173.4 2 0
github.com\Jopoleon\FinalSpareRoomTracker\vendor\userlogic\userlogic.go:178.84,180.16 2 1
github.com\Jopoleon\FinalSpareRoomTracker\vendor\userlogic\userlogic.go:184.2,185.47 2 1
github.com\Jopoleon\FinalSpareRoomTracker\vendor\userlogic\userlogic.go:180.16,183.3 1 0
github.com\Jopoleon\FinalSpareRoomTracker\vendor\userlogic\userlogic.go:185.47,187.33 2 1
github.com\Jopoleon\FinalSpareRoomTracker\vendor\userlogic\userlogic.go:187.33,199.18 10 1
github.com\Jopoleon\FinalSpareRoomTracker\vendor\userlogic\userlogic.go:202.4,202.60 1 1
github.com\Jopoleon\FinalSpareRoomTracker\vendor\userlogic\userlogic.go:199.18,200.15 1 0
github.com\Jopoleon\FinalSpareRoomTracker\vendor\userlogic\userlogic.go:204.4,208.4 2 0
github.com\Jopoleon\FinalSpareRoomTracker\vendor\userlogic\userlogic.go:210.3,213.3 1 0
github.com\Jopoleon\FinalSpareRoomTracker\vendor\userlogic\userlogic.go:217.85,227.16 9 1
github.com\Jopoleon\FinalSpareRoomTracker\vendor\userlogic\userlogic.go:232.2,235.16 4 1
github.com\Jopoleon\FinalSpareRoomTracker\vendor\userlogic\userlogic.go:238.2,240.8 3 1
github.com\Jopoleon\FinalSpareRoomTracker\vendor\userlogic\userlogic.go:227.16,231.3 3 0
github.com\Jopoleon\FinalSpareRoomTracker\vendor\userlogic\userlogic.go:235.16,236.13 1 0
github.com\Jopoleon\FinalSpareRoomTracker\vendor\userlogic\userlogic.go:243.77,246.16 2 0
github.com\Jopoleon\FinalSpareRoomTracker\vendor\userlogic\userlogic.go:250.2,255.75 4 0
github.com\Jopoleon\FinalSpareRoomTracker\vendor\userlogic\userlogic.go:266.2,266.111 1 0
github.com\Jopoleon\FinalSpareRoomTracker\vendor\userlogic\userlogic.go:246.16,249.3 1 0
github.com\Jopoleon\FinalSpareRoomTracker\vendor\userlogic\userlogic.go:255.75,257.3 1 0
github.com\Jopoleon\FinalSpareRoomTracker\vendor\userlogic\userlogic.go:257.3,259.3 1 0
github.com\Jopoleon\FinalSpareRoomTracker\vendor\userlogic\userlogic.go:266.111,270.3 3 0
github.com\Jopoleon\FinalSpareRoomTracker\vendor\userlogic\userlogic.go:270.3,272.17 2 0
github.com\Jopoleon\FinalSpareRoomTracker\vendor\userlogic\userlogic.go:275.3,275.42 1 0
github.com\Jopoleon\FinalSpareRoomTracker\vendor\userlogic\userlogic.go:272.17,274.4 1 0
github.com\Jopoleon\FinalSpareRoomTracker\vendor\userlogic\userlogic.go:280.63,288.16 6 1
github.com\Jopoleon\FinalSpareRoomTracker\vendor\userlogic\userlogic.go:293.2,293.32 1 1
github.com\Jopoleon\FinalSpareRoomTracker\vendor\userlogic\userlogic.go:288.16,292.3 2 1
github.com\Jopoleon\FinalSpareRoomTracker\vendor\userlogic\userlogic.go:293.32,295.3 1 1
github.com\Jopoleon\FinalSpareRoomTracker\vendor\userlogic\userlogic.go:295.3,298.3 1 0
github.com\Jopoleon\FinalSpareRoomTracker\vendor\userlogic\userlogic.go:300.59,308.16 6 1
github.com\Jopoleon\FinalSpareRoomTracker\vendor\userlogic\userlogic.go:312.2,312.31 1 1
github.com\Jopoleon\FinalSpareRoomTracker\vendor\userlogic\userlogic.go:308.16,311.3 2 0
github.com\Jopoleon\FinalSpareRoomTracker\vendor\userlogic\userlogic.go:312.31,314.3 1 1
github.com\Jopoleon\FinalSpareRoomTracker\vendor\userlogic\userlogic.go:314.3,316.3 1 1
github.com\Jopoleon\FinalSpareRoomTracker\vendor\userlogic\userlogic.go:318.62,326.16 6 1
github.com\Jopoleon\FinalSpareRoomTracker\vendor\userlogic\userlogic.go:330.2,330.34 1 1
github.com\Jopoleon\FinalSpareRoomTracker\vendor\userlogic\userlogic.go:326.16,329.3 2 0
github.com\Jopoleon\FinalSpareRoomTracker\vendor\userlogic\userlogic.go:330.34,332.3 1 1
github.com\Jopoleon\FinalSpareRoomTracker\vendor\userlogic\userlogic.go:332.3,334.3 1 0
github.com\Jopoleon\FinalSpareRoomTracker\vendor\userlogic\userlogic.go:337.60,340.16 2 0
github.com\Jopoleon\FinalSpareRoomTracker\vendor\userlogic\userlogic.go:343.2,343.42 1 0
github.com\Jopoleon\FinalSpareRoomTracker\vendor\userlogic\userlogic.go:340.16,342.3 1 0
github.com\Jopoleon\FinalSpareRoomTracker\vendor\userlogic\userlogic.go:346.59,349.16 2 0
github.com\Jopoleon\FinalSpareRoomTracker\vendor\userlogic\userlogic.go:352.2,352.41 1 0
github.com\Jopoleon\FinalSpareRoomTracker\vendor\userlogic\userlogic.go:349.16,351.3 1 0
